This is pdfTeX, Version 3.14159265-2.6-1.40.21 (MiKTeX 2.9.7420 64-bit) (preloaded format=pdflatex 2020.5.13)  19 NOV 2021 16:34
entering extended mode
**./Miniland.tex
(Miniland.tex
LaTeX2e <2020-02-02> patch level 5
L3 programming layer <2020-05-11>
("C:\Users\LordC\AppData\Local\Programs\MiKTeX 2.9\tex/latex/base\article.cls"
Document Class: article 2019/12/20 v1.4l Standard LaTeX document class
("C:\Users\LordC\AppData\Local\Programs\MiKTeX 2.9\tex/latex/base\size11.clo"
File: size11.clo 2019/12/20 v1.4l Standard LaTeX file (size option)
)
\c@part=\count167
\c@section=\count168
\c@subsection=\count169
\c@subsubsection=\count170
\c@paragraph=\count171
\c@subparagraph=\count172
\c@figure=\count173
\c@table=\count174
\abovecaptionskip=\skip47
\belowcaptionskip=\skip48
\bibindent=\dimen134
) ("C:\Users\LordC\AppData\Local\Programs\MiKTeX 2.9\tex/latex/base\fontenc.sty
"
Package: fontenc 2020/02/11 v2.0o Standard LaTeX package
) ("C:\Users\LordC\AppData\Local\Programs\MiKTeX 2.9\tex/latex/base\inputenc.st
y"
Package: inputenc 2018/08/11 v1.3c Input encoding file
\inpenc@prehook=\toks15
\inpenc@posthook=\toks16
 ("C:\Users\LordC\AppData\Local\Programs\MiKTeX 2.9\tex/latex/ucs\utf8x.def"
File: utf8x.def 2004/10/17 UCS: Input encoding UTF-8
)) ("C:\Users\LordC\AppData\Local\Programs\MiKTeX 2.9\tex/latex/ucs\ucs.sty"
Package: ucs 2013/05/11 v2.2 UCS: Unicode input support

("C:\Users\LordC\AppData\Local\Programs\MiKTeX 2.9\tex/latex/ucs\uni-global.def
"
File: uni-global.def 2013/05/13 UCS: Unicode global data
)
\uc@secondtry=\count175
\uc@combtoks=\toks17
\uc@combtoksb=\toks18
\uc@temptokena=\toks19
)
("C:\Users\LordC\AppData\Local\Programs\MiKTeX 2.9\tex/latex/psnfss\times.sty"
Package: times 2020/03/25 PSNFSS-v9.3 (SPQR) 
) ("C:\Users\LordC\AppData\Local\Programs\MiKTeX 2.9\tex/generic/babel\babel.st
y"
Package: babel 2020/04/28 3.43 The Babel package
 ("C:\Users\LordC\AppData\Local\Programs\MiKTeX 2.9\tex/generic/babel\babel.def
"
File: babel.def 2020/04/28 3.43 Babel common definitions
\babel@savecnt=\count176
\U@D=\dimen135

("C:\Users\LordC\AppData\Local\Programs\MiKTeX 2.9\tex/generic/babel\txtbabel.d
ef")
\bbl@readstream=\read2
)
\bbl@dirlevel=\count177

*************************************
* Local config file bblopts.cfg used
*
("C:\Users\LordC\AppData\Local\Programs\MiKTeX 2.9\tex/latex/arabi\bblopts.cfg"
File: bblopts.cfg 2005/09/08 v0.1 add Arabic and Farsi to "declared" options of
 babel
)
("C:\Users\LordC\AppData\Local\Programs\MiKTeX 2.9\tex/latex/babel-german\ngerm
an.ldf"
Language: ngerman 2018/12/08 v2.11 German support for babel (post-1996 orthogra
phy)

("C:\Users\LordC\AppData\Local\Programs\MiKTeX 2.9\tex/latex/babel-german\ngerm
anb.ldf"
Language: ngermanb 2018/12/08 v2.11 German support for babel (post-1996 orthogr
aphy)
Package babel Info: Making " an active character on input line 121.
)))
("C:\Users\LordC\AppData\Local\Programs\MiKTeX 2.9\tex/latex/tools\varioref.sty
"
Package: varioref 2020/01/23 v1.6c package for extended references (FMi)
\c@vrcnt=\count178
)
("C:\Users\LordC\AppData\Local\Programs\MiKTeX 2.9\tex/latex/amsmath\amsmath.st
y"
Package: amsmath 2020/01/20 v2.17e AMS math features
\@mathmargin=\skip49

For additional information on amsmath, use the `?' option.

("C:\Users\LordC\AppData\Local\Programs\MiKTeX 2.9\tex/latex/amsmath\amstext.st
y"
Package: amstext 2000/06/29 v2.01 AMS text

("C:\Users\LordC\AppData\Local\Programs\MiKTeX 2.9\tex/latex/amsmath\amsgen.sty
"
File: amsgen.sty 1999/11/30 v2.0 generic functions
\@emptytoks=\toks20
\ex@=\dimen136
))
("C:\Users\LordC\AppData\Local\Programs\MiKTeX 2.9\tex/latex/amsmath\amsbsy.sty
"
Package: amsbsy 1999/11/29 v1.2d Bold Symbols
\pmbraise@=\dimen137
)
("C:\Users\LordC\AppData\Local\Programs\MiKTeX 2.9\tex/latex/amsmath\amsopn.sty
"
Package: amsopn 2016/03/08 v2.02 operator names
)
\inf@bad=\count179
LaTeX Info: Redefining \frac on input line 227.
\uproot@=\count180
\leftroot@=\count181
LaTeX Info: Redefining \overline on input line 389.
\classnum@=\count182
\DOTSCASE@=\count183
LaTeX Info: Redefining \ldots on input line 486.
LaTeX Info: Redefining \dots on input line 489.
LaTeX Info: Redefining \cdots on input line 610.
\Mathstrutbox@=\box45
\strutbox@=\box46
\big@size=\dimen138
LaTeX Font Info:    Redeclaring font encoding OML on input line 733.
LaTeX Font Info:    Redeclaring font encoding OMS on input line 734.
\macc@depth=\count184
\c@MaxMatrixCols=\count185
\dotsspace@=\muskip16
\c@parentequation=\count186
\dspbrk@lvl=\count187
\tag@help=\toks21
\row@=\count188
\column@=\count189
\maxfields@=\count190
\andhelp@=\toks22
\eqnshift@=\dimen139
\alignsep@=\dimen140
\tagshift@=\dimen141
\tagwidth@=\dimen142
\totwidth@=\dimen143
\lineht@=\dimen144
\@envbody=\toks23
\multlinegap=\skip50
\multlinetaggap=\skip51
\mathdisplay@stack=\toks24
LaTeX Info: Redefining \[ on input line 2859.
LaTeX Info: Redefining \] on input line 2860.
)
("C:\Users\LordC\AppData\Local\Programs\MiKTeX 2.9\tex/latex/tools\xspace.sty"
Package: xspace 2014/10/28 v1.13 Space after command names (DPC,MH)
) (genericStart.tex
("C:\Users\LordC\AppData\Local\Programs\MiKTeX 2.9\tex/latex/base\latexsym.sty"
Package: latexsym 1998/08/17 v2.2e Standard LaTeX package (lasy symbols)
\symlasy=\mathgroup4
LaTeX Font Info:    Overwriting symbol font `lasy' in version `bold'
(Font)                  U/lasy/m/n --> U/lasy/b/n on input line 52.
) ("C:\Users\LordC\AppData\Local\Programs\MiKTeX 2.9\tex/latex/base\ifthen.sty"
Package: ifthen 2014/09/29 v1.1c Standard LaTeX ifthen package (DPC)
)
("C:\Users\LordC\AppData\Local\Programs\MiKTeX 2.9\tex/latex/amsfonts\amsfonts.
sty"
Package: amsfonts 2013/01/14 v3.01 Basic AMSFonts support
\symAMSa=\mathgroup5
\symAMSb=\mathgroup6
LaTeX Font Info:    Redeclaring math symbol \hbar on input line 98.
LaTeX Font Info:    Overwriting math alphabet `\mathfrak' in version `bold'
(Font)                  U/euf/m/n --> U/euf/b/n on input line 106.
)
("C:\Users\LordC\AppData\Local\Programs\MiKTeX 2.9\tex/latex/amsfonts\amssymb.s
ty"
Package: amssymb 2013/01/14 v3.01 AMS font symbols
) (lab.sty
\c@pointCounter=\count191
\c@reqNr=\count192
\c@totalPoints=\count193
)
("C:\Users\LordC\AppData\Local\Programs\MiKTeX 2.9\tex/latex/graphics\graphicx.
sty"
Package: graphicx 2019/11/30 v1.2a Enhanced LaTeX Graphics (DPC,SPQR)

("C:\Users\LordC\AppData\Local\Programs\MiKTeX 2.9\tex/latex/graphics\keyval.st
y"
Package: keyval 2014/10/28 v1.15 key=value parser (DPC)
\KV@toks@=\toks25
)
("C:\Users\LordC\AppData\Local\Programs\MiKTeX 2.9\tex/latex/graphics\graphics.
sty"
Package: graphics 2019/11/30 v1.4a Standard LaTeX Graphics (DPC,SPQR)

("C:\Users\LordC\AppData\Local\Programs\MiKTeX 2.9\tex/latex/graphics\trig.sty"
Package: trig 2016/01/03 v1.10 sin cos tan (DPC)
)
("C:\Users\LordC\AppData\Local\Programs\MiKTeX 2.9\tex/latex/graphics-cfg\graph
ics.cfg"
File: graphics.cfg 2016/06/04 v1.11 sample graphics configuration
)
Package graphics Info: Driver file: pdftex.def on input line 105.

("C:\Users\LordC\AppData\Local\Programs\MiKTeX 2.9\tex/latex/graphics-def\pdfte
x.def"
File: pdftex.def 2018/01/08 v1.0l Graphics/color driver for pdftex
))
\Gin@req@height=\dimen145
\Gin@req@width=\dimen146
)
("C:\Users\LordC\AppData\Local\Programs\MiKTeX 2.9\tex/latex/listings\listings.
sty"
\lst@mode=\count194
\lst@gtempboxa=\box47
\lst@token=\toks26
\lst@length=\count195
\lst@currlwidth=\dimen147
\lst@column=\count196
\lst@pos=\count197
\lst@lostspace=\dimen148
\lst@width=\dimen149
\lst@newlines=\count198
\lst@lineno=\count199
\lst@maxwidth=\dimen150

("C:\Users\LordC\AppData\Local\Programs\MiKTeX 2.9\tex/latex/listings\lstmisc.s
ty"
File: lstmisc.sty 2020/03/24 1.8d (Carsten Heinz)
\c@lstnumber=\count266
\lst@skipnumbers=\count267
\lst@framebox=\box48
)
("C:\Users\LordC\AppData\Local\Programs\MiKTeX 2.9\tex/latex/listings\listings.
cfg"
File: listings.cfg 2020/03/24 1.8d listings configuration
))
Package: listings 2020/03/24 1.8d (Carsten Heinz)

("C:\Users\LordC\AppData\Local\Programs\MiKTeX 2.9\tex/latex/graphics\color.sty
"
Package: color 2019/11/23 v1.2a Standard LaTeX Color (DPC)

("C:\Users\LordC\AppData\Local\Programs\MiKTeX 2.9\tex/latex/graphics-cfg\color
.cfg"
File: color.cfg 2016/01/02 v1.6 sample color configuration
)
Package color Info: Driver file: pdftex.def on input line 147.
)
("C:\Users\LordC\AppData\Local\Programs\MiKTeX 2.9\tex/latex/hyperref\hyperref.
sty"
Package: hyperref 2020/01/14 v7.00d Hypertext links for LaTeX

("C:\Users\LordC\AppData\Local\Programs\MiKTeX 2.9\tex/generic/ltxcmds\ltxcmds.
sty"
Package: ltxcmds 2019/12/15 v1.24 LaTeX kernel commands for general use (HO)
)
("C:\Users\LordC\AppData\Local\Programs\MiKTeX 2.9\tex/generic/iftex\iftex.sty"
Package: iftex 2020/03/06 v1.0d TeX engine tests
)
("C:\Users\LordC\AppData\Local\Programs\MiKTeX 2.9\tex/latex/pdftexcmds\pdftexc
mds.sty"
Package: pdftexcmds 2019/11/24 v0.31 Utility functions of pdfTeX for LuaTeX (HO
)

("C:\Users\LordC\AppData\Local\Programs\MiKTeX 2.9\tex/generic/infwarerr\infwar
err.sty"
Package: infwarerr 2019/12/03 v1.5 Providing info/warning/error messages (HO)
)
Package pdftexcmds Info: \pdf@primitive is available.
Package pdftexcmds Info: \pdf@ifprimitive is available.
Package pdftexcmds Info: \pdfdraftmode found.
)
("C:\Users\LordC\AppData\Local\Programs\MiKTeX 2.9\tex/generic/kvsetkeys\kvsetk
eys.sty"
Package: kvsetkeys 2019/12/15 v1.18 Key value parser (HO)
)
("C:\Users\LordC\AppData\Local\Programs\MiKTeX 2.9\tex/generic/kvdefinekeys\kvd
efinekeys.sty"
Package: kvdefinekeys 2019-12-19 v1.6 Define keys (HO)
)
("C:\Users\LordC\AppData\Local\Programs\MiKTeX 2.9\tex/generic/pdfescape\pdfesc
ape.sty"
Package: pdfescape 2019/12/09 v1.15 Implements pdfTeX's escape features (HO)
)
("C:\Users\LordC\AppData\Local\Programs\MiKTeX 2.9\tex/latex/hycolor\hycolor.st
y"
Package: hycolor 2020-01-27 v1.10 Color options for hyperref/bookmark (HO)
)
("C:\Users\LordC\AppData\Local\Programs\MiKTeX 2.9\tex/latex/letltxmacro\letltx
macro.sty"
Package: letltxmacro 2019/12/03 v1.6 Let assignment for LaTeX macros (HO)
)
("C:\Users\LordC\AppData\Local\Programs\MiKTeX 2.9\tex/latex/auxhook\auxhook.st
y"
Package: auxhook 2019-12-17 v1.6 Hooks for auxiliary files (HO)
)
("C:\Users\LordC\AppData\Local\Programs\MiKTeX 2.9\tex/latex/kvoptions\kvoption
s.sty"
Package: kvoptions 2019/11/29 v3.13 Key value format for package options (HO)
)
\@linkdim=\dimen151
\Hy@linkcounter=\count268
\Hy@pagecounter=\count269

("C:\Users\LordC\AppData\Local\Programs\MiKTeX 2.9\tex/latex/hyperref\pd1enc.de
f"
File: pd1enc.def 2020/01/14 v7.00d Hyperref: PDFDocEncoding definition (HO)
)
("C:\Users\LordC\AppData\Local\Programs\MiKTeX 2.9\tex/generic/intcalc\intcalc.
sty"
Package: intcalc 2019/12/15 v1.3 Expandable calculations with integers (HO)
)
("C:\Users\LordC\AppData\Local\Programs\MiKTeX 2.9\tex/generic/etexcmds\etexcmd
s.sty"
Package: etexcmds 2019/12/15 v1.7 Avoid name clashes with e-TeX commands (HO)
)
\Hy@SavedSpaceFactor=\count270
Package hyperref Info: Option `bookmarks' set `true' on input line 4421.
Package hyperref Info: Option `bookmarksopen' set `true' on input line 4421.
Package hyperref Info: Option `bookmarksnumbered' set `true' on input line 4421
.
Package hyperref Info: Hyper figures OFF on input line 4547.
Package hyperref Info: Link nesting OFF on input line 4552.
Package hyperref Info: Hyper index ON on input line 4555.
Package hyperref Info: Plain pages OFF on input line 4562.
Package hyperref Info: Backreferencing OFF on input line 4567.
Package hyperref Info: Implicit mode ON; LaTeX internals redefined.
Package hyperref Info: Bookmarks ON on input line 4800.
\c@Hy@tempcnt=\count271
 ("C:\Users\LordC\AppData\Local\Programs\MiKTeX 2.9\tex/latex/url\url.sty"
\Urlmuskip=\muskip17
Package: url 2013/09/16  ver 3.4  Verb mode for urls, etc.
)
LaTeX Info: Redefining \url on input line 5159.
\XeTeXLinkMargin=\dimen152

("C:\Users\LordC\AppData\Local\Programs\MiKTeX 2.9\tex/generic/bitset\bitset.st
y"
Package: bitset 2019/12/09 v1.3 Handle bit-vector datatype (HO)

("C:\Users\LordC\AppData\Local\Programs\MiKTeX 2.9\tex/generic/bigintcalc\bigin
tcalc.sty"
Package: bigintcalc 2019/12/15 v1.5 Expandable calculations on big integers (HO
)
))
\Fld@menulength=\count272
\Field@Width=\dimen153
\Fld@charsize=\dimen154
Package hyperref Info: Hyper figures OFF on input line 6430.
Package hyperref Info: Link nesting OFF on input line 6435.
Package hyperref Info: Hyper index ON on input line 6438.
Package hyperref Info: backreferencing OFF on input line 6445.
Package hyperref Info: Link coloring OFF on input line 6450.
Package hyperref Info: Link coloring with OCG OFF on input line 6455.
Package hyperref Info: PDF/A mode OFF on input line 6460.
LaTeX Info: Redefining \ref on input line 6500.
LaTeX Info: Redefining \pageref on input line 6504.

("C:\Users\LordC\AppData\Local\Programs\MiKTeX 2.9\tex/generic/atbegshi\atbegsh
i.sty"
Package: atbegshi 2019/12/05 v1.19 At begin shipout hook (HO)
)
\Hy@abspage=\count273
\c@Item=\count274
\c@Hfootnote=\count275
)
Package hyperref Info: Driver (autodetected): hpdftex.

("C:\Users\LordC\AppData\Local\Programs\MiKTeX 2.9\tex/latex/hyperref\hpdftex.d
ef"
File: hpdftex.def 2020/01/14 v7.00d Hyperref driver for pdfTeX

("C:\Users\LordC\AppData\Local\Programs\MiKTeX 2.9\tex/latex/atveryend\atveryen
d.sty"
Package: atveryend 2019-12-11 v1.11 Hooks at the very end of document (HO)
Package atveryend Info: \enddocument detected (standard20110627).
)
\Fld@listcount=\count276
\c@bookmark@seq@number=\count277

("C:\Users\LordC\AppData\Local\Programs\MiKTeX 2.9\tex/latex/rerunfilecheck\rer
unfilecheck.sty"
Package: rerunfilecheck 2019/12/05 v1.9 Rerun checks for auxiliary files (HO)

("C:\Users\LordC\AppData\Local\Programs\MiKTeX 2.9\tex/generic/uniquecounter\un
iquecounter.sty"
Package: uniquecounter 2019/12/15 v1.4 Provide unlimited unique counter (HO)
)
Package uniquecounter Info: New unique counter `rerunfilecheck' on input line 2
86.
)
\Hy@SectionHShift=\skip52
)
("C:\Users\LordC\AppData\Local\Programs\MiKTeX 2.9\tex/latex/listings\lstlang1.
sty"
File: lstlang1.sty 2020/03/24 1.8d listings language file
)) (MinilandBody.tex
("C:\Users\LordC\AppData\Local\Programs\MiKTeX 2.9\tex/latex/l3backend\l3backen
d-pdfmode.def"
File: l3backend-pdfmode.def 2020-05-05 L3 backend support: PDF mode
\l__kernel_color_stack_int=\count278
\l__pdf_internal_box=\box49
) (Miniland.aux)
\openout1 = `Miniland.aux'.

LaTeX Font Info:    Checking defaults for OML/cmm/m/it on input line 11.
LaTeX Font Info:    ... okay on input line 11.
LaTeX Font Info:    Checking defaults for OMS/cmsy/m/n on input line 11.
LaTeX Font Info:    ... okay on input line 11.
LaTeX Font Info:    Checking defaults for OT1/cmr/m/n on input line 11.
LaTeX Font Info:    ... okay on input line 11.
LaTeX Font Info:    Checking defaults for T1/cmr/m/n on input line 11.
LaTeX Font Info:    ... okay on input line 11.
LaTeX Font Info:    Checking defaults for TS1/cmr/m/n on input line 11.
LaTeX Font Info:    ... okay on input line 11.
LaTeX Font Info:    Checking defaults for OMX/cmex/m/n on input line 11.
LaTeX Font Info:    ... okay on input line 11.
LaTeX Font Info:    Checking defaults for U/cmr/m/n on input line 11.
LaTeX Font Info:    ... okay on input line 11.
LaTeX Font Info:    Checking defaults for PD1/pdf/m/n on input line 11.
LaTeX Font Info:    ... okay on input line 11.
LaTeX Font Info:    Trying to load font information for T1+ptm on input line 11
.

("C:\Users\LordC\AppData\Local\Programs\MiKTeX 2.9\tex/latex/psnfss\t1ptm.fd"
File: t1ptm.fd 2001/06/04 font definitions for T1/ptm.
)
("C:\Users\LordC\AppData\Local\Programs\MiKTeX 2.9\tex/latex/ucs\ucsencs.def"
File: ucsencs.def 2011/01/21 Fixes to fontencodings LGR, T3
)
("C:\Users\LordC\AppData\Local\Programs\MiKTeX 2.9\tex/context/base/mkii\supp-p
df.mkii"
[Loading MPS to PDF converter (version 2006.09.02).]
\scratchcounter=\count279
\scratchdimen=\dimen155
\scratchbox=\box50
\nofMPsegments=\count280
\nofMParguments=\count281
\everyMPshowfont=\toks27
\MPscratchCnt=\count282
\MPscratchDim=\dimen156
\MPnumerator=\count283
\makeMPintoPDFobject=\count284
\everyMPtoPDFconversion=\toks28
)
("C:\Users\LordC\AppData\Local\Programs\MiKTeX 2.9\tex/latex/epstopdf-pkg\epsto
pdf-base.sty"
Package: epstopdf-base 2020-01-24 v2.11 Base part for package epstopdf
Package epstopdf-base Info: Redefining graphics rule for `.eps' on input line 4
85.
)
\c@lstlisting=\count285
\AtBeginShipoutBox=\box51
Package hyperref Info: Link coloring OFF on input line 11.

("C:\Users\LordC\AppData\Local\Programs\MiKTeX 2.9\tex/latex/hyperref\nameref.s
ty"
Package: nameref 2019/09/16 v2.46 Cross-referencing by name of section

("C:\Users\LordC\AppData\Local\Programs\MiKTeX 2.9\tex/latex/refcount\refcount.
sty"
Package: refcount 2019/12/15 v3.6 Data extraction from label references (HO)
)
("C:\Users\LordC\AppData\Local\Programs\MiKTeX 2.9\tex/generic/gettitlestring\g
ettitlestring.sty"
Package: gettitlestring 2019/12/15 v1.6 Cleanup title references (HO)
)
\c@section@level=\count286
LaTeX Info: Redefining \Ref on input line 520.
)
LaTeX Info: Redefining \ref on input line 11.
LaTeX Info: Redefining \pageref on input line 11.
LaTeX Info: Redefining \nameref on input line 11.
 (Miniland.out) (Miniland.out)
\@outlinefile=\write3
\openout3 = `Miniland.out'.

LaTeX Info: Redefining \Ref on input line 11.
LaTeX Font Info:    Trying to load font information for U+lasy on input line 13
.

("C:\Users\LordC\AppData\Local\Programs\MiKTeX 2.9\tex/latex/base\ulasy.fd"
File: ulasy.fd 1998/08/17 v2.2e LaTeX symbol font definitions
)
LaTeX Font Info:    Trying to load font information for U+msa on input line 13.


("C:\Users\LordC\AppData\Local\Programs\MiKTeX 2.9\tex/latex/amsfonts\umsa.fd"
File: umsa.fd 2013/01/14 v3.01 AMS symbols A
)
LaTeX Font Info:    Trying to load font information for U+msb on input line 13.

("C:\Users\LordC\AppData\Local\Programs\MiKTeX 2.9\tex/latex/amsfonts\umsb.fd"
File: umsb.fd 2013/01/14 v3.01 AMS symbols B
) (Miniland.toc)
\tf@toc=\write4
\openout4 = `Miniland.toc'.

 [1

{C:/Users/LordC/AppData/Local/MiKTeX/2.9/pdftex/config/pdftex.map}] (de/intro.t
ex
("C:\Users\LordC\AppData\Local\Programs\MiKTeX 2.9\tex/latex/ucs\uni-0.def"
File: uni-0.def 2013/05/13 UCS: Unicode data U+0000..U+00FF
)
LaTeX Font Info:    Trying to load font information for T1+txtt on input line 6
.

("C:\Users\LordC\AppData\Local\Programs\MiKTeX 2.9\tex/latex/txfonts\t1txtt.fd"
File: t1txtt.fd 2000/12/15 v3.1
)
Underfull \hbox (badness 1009) in paragraph at lines 6--6
\T1/ptm/m/n/9 auch wenn sie für den_die Le-ser_in viel-leicht teil-wei-se ir-ri
-tie-rend wirkt. Be-trach-ten Sie dies als Re-flek-ti-ons-
 []


Underfull \hbox (badness 1253) in paragraph at lines 6--6
\T1/ptm/m/n/9 mög-lich-keit! Mehr In-for-ma-tio-nen un-ter []$\T1/txtt/m/n/9 ht
tp : / / de . wikipedia . org / wiki / Geschlechtergerechte _ Sprache #
 []

(tasks/de/Miniland/gameIntro.tex
<tasks/de/Miniland/menu.png, id=116, 764.8575pt x 480.29437pt>
File: tasks/de/Miniland/menu.png Graphic file (type png)
<use tasks/de/Miniland/menu.png>
Package pdftex.def Info: tasks/de/Miniland/menu.png  used on input line 22.
(pdftex.def)             Requested size: 305.93758pt x 192.11433pt.
<tasks/de/Miniland/gameplay.png, id=117, 764.8575pt x 480.29437pt>
File: tasks/de/Miniland/gameplay.png Graphic file (type png)
<use tasks/de/Miniland/gameplay.png>
Package pdftex.def Info: tasks/de/Miniland/gameplay.png  used on input line 30.

(pdftex.def)             Requested size: 305.93758pt x 192.11433pt.
)) (de/orgaSL.tex [2]
LaTeX Font Info:    Trying to load font information for TS1+ptm on input line 1
7.

("C:\Users\LordC\AppData\Local\Programs\MiKTeX 2.9\tex/latex/psnfss\ts1ptm.fd"
File: ts1ptm.fd 2001/06/04 font definitions for TS1/ptm.
) [3 <./tasks/de/Miniland/menu.png>] [4 <./tasks/de/Miniland/gameplay.png>])
(de/aufgabe.tex [5]) (tasks/de/Miniland/minimalHeader.tex [6])
Tasks: 1\ total points: 0
(tasks/de/ontime.tex)
Tasks: 2\ total points: 0
(tasks/de/compiles.tex)
Tasks: 3\ total points: 0
(tasks/de/ownCode.tex)
Tasks: 4\ total points: 0
(tasks/de/Miniland/junitPrepared.tex (tasks/de/Miniland/initExample.tex))
[7]
Tasks: 5\ total points: 0
(tasks/de/Miniland/public0.tex)
Tasks: 6\ total points: 3
(tasks/de/gui.tex)
Tasks: 7\ total points: 4
(tasks/de/Miniland/menu.tex
("C:\Users\LordC\AppData\Local\Programs\MiKTeX 2.9\tex/latex/ucs\uni-32.def"
File: uni-32.def 2013/05/13 UCS: Unicode data U+2000..U+20FF
))
Tasks: 8\ total points: 5
(tasks/de/Miniland/newGame.tex)
Tasks: 9\ total points: 6
(tasks/de/Miniland/pause.tex)
Tasks: 10\ total points: 12
(tasks/de/Miniland/playerNames.tex)
Tasks: 11\ total points: 16
(tasks/de/Miniland/guiObjects.tex)
Overfull \hbox (3.46913pt too wide) in paragraph at lines 2--47
[]\T1/ptm/m/n/10.95 Für je-des Spie-l-ob-jekt und je-den Spiel-zu-stand exis-
 []

Tasks: 12\ total points: 19
(tasks/de/Miniland/gorillaPlacement.tex)
Tasks: 13\ total points: 25
(tasks/de/Miniland/keyboardControl.tex [8])
Tasks: 14\ total points: 33
(tasks/de/Miniland/shootBehaviour.tex)
Tasks: 15\ total points: 39
(tasks/de/Miniland/skylineHit.tex)
Tasks: 16\ total points: 43
(tasks/de/Miniland/leaveScreen.tex)
Overfull \hbox (5.06729pt too wide) in paragraph at lines 1--57
[]\T1/ptm/m/n/10.95 Verlässt die Ba-na-ne den Bild-schirm
 []

Tasks: 17\ total points: 49
(tasks/de/Miniland/enemyHit.tex [9]) (tasks/de/Miniland/ext1Header.tex)
Tasks: 18\ total points: 49
(tasks/de/Miniland/public1.tex)
Tasks: 19\ total points: 54
(tasks/de/mvc.tex)
Tasks: 20\ total points: 59
(tasks/de/Miniland/highscore.tex (tasks/de/Miniland/sortHighscores.tex [10]))
Tasks: 21\ total points: 64
(tasks/de/Miniland/highscoreGUI.tex)
Tasks: 22\ total points: 69
(tasks/de/Miniland/mapgenerator.tex)
Tasks: 23\ total points: 72
(tasks/de/Miniland/score.tex)
Overfull \hbox (1.78253pt too wide) in paragraph at lines 1--78
[]\T1/ptm/m/n/10.95 Der Spiel-stand wird wäh-rend
 []

Tasks: 24\ total points: 74
(tasks/de/Miniland/parametersaved.tex) (tasks/de/Miniland/ext2Header.tex)
Tasks: 25\ total points: 74
(tasks/de/Miniland/public2.tex)
Tasks: 26\ total points: 79
(tasks/de/Miniland/wind.tex [11])
Tasks: 27\ total points: 84
(tasks/de/Miniland/bounce.tex)
Tasks: 28\ total points: 87
(tasks/de/Miniland/sun.tex)
Tasks: 29\ total points: 89
(tasks/de/Miniland/namessaved.tex)
Overfull \hbox (0.26062pt too wide) in paragraph at lines 1--96
[]\T1/ptm/m/n/10.95 Bei der Na-mens-aus-wahl der Spie-ler_innen
 []

(tasks/de/Miniland/ext3Header.tex)
Overfull \hbox (10.73297pt too wide) in paragraph at lines 8--102
\T1/ptm/m/n/10.95 reicht wer-den. Die öf-fent-li-chen Test-fäl-le für die-se Au
s-bau-stu-fe be-fin-den sich in der Klas-se \T1/txtt/m/n/10.95 Gorillas-
 []

Tasks: 30\ total points: 89
(tasks/de/Miniland/public3.tex)
Tasks: 31\ total points: 93
(tasks/de/Miniland/gravity.tex) [12]
Tasks: 32\ total points: 97
(tasks/de/Miniland/incitingmessages.tex)
Overfull \hbox (6.25163pt too wide) in paragraph at lines 1--110
[]\T1/ptm/m/n/10.95 Je nach-dem wie gut oder schlecht der Wurf war, wird der_di
e
 []

Tasks: 33\ total points: 99
(tasks/de/Miniland/instructions.tex) (tasks/de/Miniland/anpassungCE.tex
[13]) (tasks/de/Miniland/appStore.tex [14]) (tasks/de/bonusHeader.tex)
Tasks: 34\ total points: 100
(tasks/de/audio.tex)
Tasks: 35\ total points: 101
(tasks/de/about.tex)
Tasks: 36\ total points: 101
(tasks/de/surprise.tex) [15] (tasks/de/Miniland/noDialog.tex
Overfull \hbox (4.19124pt too wide) in paragraph at lines 4--6
[]\T1/ptm/m/n/10.95 Die Tests be-nut-zen wei-ter-hin nicht die Klas-se \T1/ptm/
m/it/10.95 de.tu_darmstadt.informatik.fop.gorillas.main.Gorillas
 []


Overfull \hbox (58.06554pt too wide) in paragraph at lines 4--6
\T1/ptm/m/n/10.95 von \T1/ptm/m/it/10.95 org.slick.StateBasedGame \T1/ptm/m/n/1
0.95 von \T1/ptm/m/it/10.95 de.tu_darmstadt.informatik.fop.gorillas.test.setup.
TWLTestStateBasedGame\T1/ptm/m/n/10.95 .
 []

) (tasks/de/Miniland/materialien.tex [16]
Underfull \hbox (badness 6859) in paragraph at lines 52--52
[]\T1/ptm/m/it/10.95 MovementDoesntCollideEvent(float speed,
 []


Overfull \hbox (2.44868pt too wide) in paragraph at lines 42--55
[][] 
 []


Underfull \hbox (badness 1286) in paragraph at lines 68--68
\T1/ptm/b/n/10.95 speed \T1/ptm/m/n/10.95 ei-ne Rück-wärts-be-we-gung ent-ge-ge
n der
 []

<tasks/de/Miniland/directions.png, id=216, 805.0075pt x 631.35875pt>
File: tasks/de/Miniland/directions.png Graphic file (type png)
<use tasks/de/Miniland/directions.png>
Package pdftex.def Info: tasks/de/Miniland/directions.png  used on input line 8
6.
(pdftex.def)             Requested size: 199.16928pt x 156.20155pt.
) (tasks/de/Miniland/zeitplanung.tex [17] [18]) (Miniland.lor [19 <./tasks/de/M
iniland/directions.png>] [20])
\tf@lor=\write5
\openout5 = `Miniland.lor'.

Package atveryend Info: Empty hook `BeforeClearDocument' on input line 141.
 [21]
Package atveryend Info: Empty hook `AfterLastShipout' on input line 141.
 (Miniland.aux)
Package atveryend Info: Executing hook `AtVeryEndDocument' on input line 141.
Package atveryend Info: Executing hook `AtEndAfterFileList' on input line 141.
Package rerunfilecheck Info: File `Miniland.out' has not changed.
(rerunfilecheck)             Checksum: FBD8EC7E6406DCDBFE4D20486FCA4CCA;1438.
Package atveryend Info: Empty hook `AtVeryVeryEnd' on input line 141.
 ) ) 
Here is how much of TeX's memory you used:
 10755 strings out of 480811
 158115 string characters out of 2896163
 611804 words of memory out of 3000000
 26284 multiletter control sequences out of 15000+200000
 577853 words of font info for 92 fonts, out of 3000000 for 9000
 1141 hyphenation exceptions out of 8191
 37i,10n,42p,946b,1146s stack positions out of 5000i,500n,10000p,200000b,50000s
{C:/Users/LordC/AppData/Local/Programs/MiKTeX 2.9/fonts/enc/dvips/base/8r.e
nc}<C:/Users/LordC/AppData/Local/Programs/MiKTeX 2.9/fonts/type1/public/amsfont
s/cm/cmmi10.pfb><C:/Users/LordC/AppData/Local/Programs/MiKTeX 2.9/fonts/type1/p
ublic/amsfonts/cm/cmmi8.pfb><C:/Users/LordC/AppData/Local/Programs/MiKTeX 2.9/f
onts/type1/public/amsfonts/cm/cmr10.pfb><C:/Users/LordC/AppData/Local/Programs/
MiKTeX 2.9/fonts/type1/public/amsfonts/cm/cmr6.pfb><C:/Users/LordC/AppData/Loca
l/Programs/MiKTeX 2.9/fonts/type1/public/amsfonts/cm/cmr8.pfb><C:/Users/LordC/A
ppData/Local/Programs/MiKTeX 2.9/fonts/type1/public/amsfonts/cm/cmsy10.pfb><C:/
Users/LordC/AppData/Local/Programs/MiKTeX 2.9/fonts/type1/public/txfonts/t1xtt.
pfb><C:/Users/LordC/AppData/Local/Programs/MiKTeX 2.9/fonts/type1/urw/times/utm
b8a.pfb><C:/Users/LordC/AppData/Local/Programs/MiKTeX 2.9/fonts/type1/urw/times
/utmbi8a.pfb><C:/Users/LordC/AppData/Local/Programs/MiKTeX 2.9/fonts/type1/urw/
times/utmr8a.pfb><C:/Users/LordC/AppData/Local/Programs/MiKTeX 2.9/fonts/type1/
urw/times/utmri8a.pfb>
Output written on Miniland.pdf (21 pages, 553736 bytes).
PDF statistics:
 301 PDF objects out of 1000 (max. 8388607)
 64 named destinations out of 1000 (max. 500000)
 176 words of extra memory for PDF output out of 10000 (max. 10000000)

