\BOOKMARK [1][]{section.1}{1 Einf\374hrung in das Projekt}{}% 1
\BOOKMARK [2][]{subsection.1.1}{1.1 Das Spiel Mario vs. Donkey Kong - Aufruhr im Miniland}{section.1}% 2
\BOOKMARK [1][]{section.2}{2 Organisation des Projekts}{}% 3
\BOOKMARK [1][]{section.3}{3 Ihre Aufgabe}{}% 4
\BOOKMARK [2][]{subsection.3.1}{3.1 Ablauf des Code-Review}{section.3}% 5
\BOOKMARK [2][]{subsection.3.2}{3.2 Dokumentation}{section.3}% 6
\BOOKMARK [2][]{subsection.3.3}{3.3 Hinweise}{section.3}% 7
\BOOKMARK [2][]{subsection.3.4}{3.4 Minimale Ausbaustufe}{section.3}% 8
\BOOKMARK [2][]{subsection.3.5}{3.5 Ausbaustufe I}{section.3}% 9
\BOOKMARK [2][]{subsection.3.6}{3.6 Ausbaustufe II}{section.3}% 10
\BOOKMARK [2][]{subsection.3.7}{3.7 Ausbaustufe III}{section.3}% 11
\BOOKMARK [2][]{subsection.3.8}{3.8 Anpassungen f\374r Studierende im Studiengang CE}{section.3}% 12
\BOOKMARK [2][]{subsection.3.9}{3.9 Optionale Aufgabe im Bereich Wirtschaft}{section.3}% 13
\BOOKMARK [2][]{subsection.3.10}{3.10 Bonuspunkte}{section.3}% 14
\BOOKMARK [1][]{section.4}{4 Materialien}{}% 15
\BOOKMARK [2][]{subsection.4.1}{4.1 Klasse de.tu\137darmstadt.informatik.fop.gorillas.main.Gorillas}{section.4}% 16
\BOOKMARK [2][]{subsection.4.2}{4.2 Die ersten Schritte}{section.4}% 17
\BOOKMARK [2][]{subsection.4.3}{4.3 Basisereignisse und Basisaktionen}{section.4}% 18
\BOOKMARK [1][]{section.5}{5 Zeitplanung}{}% 19
\BOOKMARK [1][]{section.6}{6 Liste der Anforderungen}{}% 20
